07:54:28 DEBUG : Logs will be stored at 'D:/FPGA/HW1/IDE.log'.
07:54:30 INFO  : Platform repository initialization has completed.
07:54:30 INFO  : Launching XSCT server: xsct.bat -n  -interactive D:\FPGA\HW1\temp_xsdb_launch_script.tcl
07:54:30 INFO  : Registering command handlers for Vitis TCF services
07:54:32 INFO  : XSCT server has started successfully.
07:54:32 INFO  : plnx-install-location is set to ''
07:54:32 INFO  : Successfully done setting XSCT server connection channel  
07:54:32 INFO  : Successfully done query RDI_DATADIR 
07:54:32 INFO  : Successfully done setting workspace for the tool. 
07:55:11 INFO  : Result from executing command 'getProjects': HW1
07:55:11 INFO  : Result from executing command 'getPlatforms': 
07:57:33 INFO  : Result from executing command 'getProjects': HW1
07:57:33 INFO  : Result from executing command 'getPlatforms': HW1|D:/FPGA/HW1/HW1/export/HW1/HW1.xpfm
07:57:33 INFO  : Checking for BSP changes to sync application flags for project 'Interrupt'...
08:04:19 INFO  : Checking for BSP changes to sync application flags for project 'Interrupt'...
08:09:17 INFO  : Checking for BSP changes to sync application flags for project 'Interrupt'...
14:23:19 DEBUG : Logs will be stored at 'D:/FPGA/HW1/IDE.log'.
14:23:20 INFO  : Launching XSCT server: xsct.bat -n  -interactive D:\FPGA\HW1\temp_xsdb_launch_script.tcl
14:23:22 INFO  : Platform repository initialization has completed.
14:23:23 INFO  : XSCT server has started successfully.
14:23:23 INFO  : Successfully done setting XSCT server connection channel  
14:23:23 INFO  : plnx-install-location is set to ''
14:23:23 INFO  : Successfully done setting workspace for the tool. 
14:23:24 INFO  : Registering command handlers for Vitis TCF services
14:23:26 INFO  : Successfully done query RDI_DATADIR 
16:11:54 INFO  : Checking for BSP changes to sync application flags for project 'Interrupt'...
23:14:28 INFO  : Checking for BSP changes to sync application flags for project 'Interrupt'...
23:20:58 INFO  : Checking for BSP changes to sync application flags for project 'Interrupt'...
00:00:05 INFO  : Checking for BSP changes to sync application flags for project 'Interrupt'...
00:51:41 INFO  : Checking for BSP changes to sync application flags for project 'Interrupt'...
